<?xml version="1.0" encoding="UTF-8"?>
<testng-results ignored="0" total="2" passed="2" failed="0" skipped="0">
  <reporter-output>
  </reporter-output>
  <suite started-at="2026-04-17T13:41:43 IST" name="Default suite" finished-at="2026-04-17T13:41:48 IST" duration-ms="5535">
    <groups>
    </groups>
    <test started-at="2026-04-17T13:41:43 IST" name="Default test" finished-at="2026-04-17T13:41:48 IST" duration-ms="5535">
      <class name="tests.ProblemUserTest">
        <test-method is-config="true" signature="setUp()[pri:0, instance:tests.ProblemUserTest@5b12b668]" started-at="2026-04-17T13:41:43 IST" name="setUp" finished-at="2026-04-17T13:41:45 IST" duration-ms="2508" status="PASS">
          <reporter-output>
          </reporter-output>
        </test-method> <!-- setUp -->
        <test-method signature="testAddToCartBehavior()[pri:0, instance:tests.ProblemUserTest@5b12b668]" started-at="2026-04-17T13:41:45 IST" name="testAddToCartBehavior" finished-at="2026-04-17T13:41:46 IST" duration-ms="673" status="PASS">
          <reporter-output>
          </reporter-output>
        </test-method> <!-- testAddToCartBehavior -->
        <test-method is-config="true" signature="tearDown()[pri:0, instance:tests.ProblemUserTest@5b12b668]" started-at="2026-04-17T13:41:46 IST" name="tearDown" finished-at="2026-04-17T13:41:46 IST" duration-ms="331" status="PASS">
          <reporter-output>
          </reporter-output>
        </test-method> <!-- tearDown -->
        <test-method is-config="true" signature="setUp()[pri:0, instance:tests.ProblemUserTest@5b12b668]" started-at="2026-04-17T13:41:46 IST" name="setUp" finished-at="2026-04-17T13:41:48 IST" duration-ms="1314" status="PASS">
          <reporter-output>
          </reporter-output>
        </test-method> <!-- setUp -->
        <test-method signature="testBrokenImages()[pri:0, instance:tests.ProblemUserTest@5b12b668]" started-at="2026-04-17T13:41:48 IST" name="testBrokenImages" finished-at="2026-04-17T13:41:48 IST" duration-ms="394" status="PASS">
          <reporter-output>
          </reporter-output>
        </test-method> <!-- testBrokenImages -->
        <test-method is-config="true" signature="tearDown()[pri:0, instance:tests.ProblemUserTest@5b12b668]" started-at="2026-04-17T13:41:48 IST" name="tearDown" finished-at="2026-04-17T13:41:48 IST" duration-ms="275" status="PASS">
          <reporter-output>
          </reporter-output>
        </test-method> <!-- tearDown -->
      </class> <!-- tests.ProblemUserTest -->
    </test> <!-- Default test -->
  </suite> <!-- Default suite -->
</testng-results>
