<?xml version="1.0" encoding="UTF-8"?>
<!-- Generated by org.testng.reporters.JUnitXMLReporter -->
<testsuite ignored="0" hostname="LAPTOP-2D27B82A" failures="0" tests="3" name="Login Tests" time="7.245" errors="0" timestamp="2026-04-17T12:13:07 IST">
  <testcase classname="tests.LoginTest" name="testLogin" time="0.374"/>
  <testcase classname="tests.LoginTest" name="testLogin" time="0.384"/>
  <testcase classname="tests.LoginTest" name="testLogin" time="0.312"/>
</testsuite> <!-- Login Tests -->
