<?xml version="1.0" encoding="UTF-8"?>
<!-- Generated by org.testng.reporters.JUnitReportReporter -->
<testsuite hostname="LAPTOP-2D27B82A" failures="0" tests="4" name="tests.ProductTest" time="9.939" errors="0" timestamp="2026-04-17T13:04:20 IST" skipped="0">
  <testcase classname="tests.ProductTest" name="testProductListDisplayed" time="2.847"/>
  <testcase classname="tests.ProductTest" name="testSortByName" time="2.269"/>
  <testcase classname="tests.ProductTest" name="testProductDetails" time="2.806"/>
  <testcase classname="tests.ProductTest" name="testSortByPrice" time="2.017"/>
</testsuite> <!-- tests.ProductTest -->
