<?xml version="1.0" encoding="UTF-8"?>
<!-- Generated by org.testng.reporters.JUnitReportReporter -->
<testsuite hostname="LAPTOP-2D27B82A" failures="0" tests="4" name="tests.CartTest" time="8.561" errors="0" timestamp="2026-04-17T13:12:37 IST" skipped="0">
  <testcase classname="tests.CartTest" name="testAddSingleProduct" time="1.834"/>
  <testcase classname="tests.CartTest" name="testAddTwoProducts" time="2.545"/>
  <testcase classname="tests.CartTest" name="testRemoveProduct" time="2.087"/>
  <testcase classname="tests.CartTest" name="testCartPersistence" time="2.095"/>
</testsuite> <!-- tests.CartTest -->
